     TabOrder = 0
          object vOperand: TLabel
            Left = 150
            Top = 20
            Width = 44
            Height = 24
            Cursor = crHandPoint
            Alignment = taCenter
            AutoSize = False
            Caption = 'LIKE'
            Font.Charset = DEFAULT_CHARSET
            Font.Color = clNavy
            Font.Height = -19
            Font.Name = 'MS Sans Serif'
            Font.Style = [fsBold]
            ParentFont = False
            OnClick = vOperandClick
          end
          object BitBtn1: TBitBtn
            Left = 328
            Top = 20
            Width = 75
            Height = 25
            Caption = 'Filte&r'
            Default = True
            ModalResult = 1
            TabOrder = 2
            OnClick = BitBtn1Click
            Glyph.Data = {
              76010000424D7601000000000000760000002800000020000000100000000100
              04000000000000010000120B0000120B00001000000000000000000000000000
              800000800000008080008000000080008000808000007F7F7F00BFBFBF000000
              FF0000FF000000FFFF00FF000000FF00FF00FFFF0000FFFFFF00555555555555
              555555555555555555555555555555555555555555FF55555555555559055555
              55555555577FF5555555555599905555555555557777F5555555555599905555
              555555557777FF5555555559999905555555555777777F555555559999990555
              5555557777777FF5555557990599905555555777757777F55555790555599055
              55557775555777FF5555555555599905555555555557777F5555555555559905
              555555555555777FF5555555555559905555555555555777FF55555555555579
              05555555555555777FF5555555555557905555555555555777FF555555555555
              5990555555555555577755555555555555555555555555555555}
            NumGlyphs = 2
          end
          object ECari: TEdit
            Left = 200
            Top = 23
            Width = 121
            Height = 19
            Ctl3D = False
            ParentCtl3D = False
            TabOrder = 1
            OnChange = ECariChange
          end
          object cbOtomatis: TCheckBox
            Left = 7
            Top = 5
            Width = 98
            Height = 17
            Caption = 'Cari &Otomatis'
            TabOrder = 0
            OnClick = cbOtomatisClick
          end
          object dbcField: TwwDBComboBox
            Left = 8
            Top = 23
            Width = 137
            Height = 19
            ShowButton = True
            Style = csDropDown
            MapList = False
            AllowClearKey = False
            Color = clYellow
            DropDownCount = 8
            ItemHeight = 0
            Items.Strings = (
              'SEMUA KOLOM')
            ItemIndex = 0
            Sorted = False
            TabOrder = 3
            UnboundDataType = wwDefault
            OnEnter = dbcFieldEnter
          end
          object cbModeEdit: TCheckBox
            Left = 408
            Top = 24
            Width = 81
            Height = 17
            Caption = 'Mode Edit'
            TabOrder = 4
            OnClick = cbModeEditClick
          end
        end
      end
      object wwDBGrid1: TwwDBGrid
        Left = 0
        Top = 52
        Width = 815
        Height = 524
        DittoAttributes.ShortCutDittoRecord = 16429
        ControlType.Strings = (
          'ISPOST;CheckBox;1;0'
          'ISTOKO;CheckBox;1;0'
          'ISAGEN;CheckBox;1;0'
          'ISGROSIR;CheckBox;1;0'
          'ISDISTR;CheckBox;1;0'
          'ISMM;CheckBox;1;0'
          'ISPABRIK;CheckBox;1;0'
          'ISGT;CheckBox;1;0'
          'ISMT;CheckBox;1;0'
          'ISDETAIL;CheckBox;1;0'
          'ISTOTAL;CheckBox;1;0'
          'KD_DIV;CustomEdit;LookDivisi;F')
        Selected.Strings = (
          'KD_DIV'#9'6'#9'DIV'#9'F'
          'NO_POLISI'#9'9'#9'NO_POLISI'#9#9
          'JENIS'#9'12'#9'JENIS'#9#9
          'JTH_TEMPO'#9'10'#9'Jth. Tempo'#9'F'#9'DATA S T N K'
          'ATAS_NAMA'#9'11'#9'Atas Nama'#9'F'#9'DATA S T N K'
          'NO_RANGKA'#9'11'#9'No. Rangka'#9'F'#9'DATA S T N K'
          'NO_MESIN'#9'9'#9'No. Mesin'#9'F'#9'DATA S T