= False
            Frame.DrawRight = False
            Size.Values = (
              55.562500000000000000
              1317.625000000000000000
              21.166666666666670000
              132.291666666666700000)
            Alignment = taCenter
            AlignToBand = True
            AutoSize = True
            AutoStretch = False
            Caption = 'TITLE'
            Color = clWhite
            Font.Charset = ANSI_CHARSET
            Font.Color = clWindowText
            Font.Height = -16
            Font.Name = 'MS Sans Serif'
            Font.Style = [fsBold, fsUnderline]
            ParentFont = False
            Transparent = False
            WordWrap = True
            FontSize = 12
          end
        end
        object ColumnHeaderBand1: TQRBand
          Left = 38
          Top = 105
          Width = 1047
          Height = 32
          Frame.Color = clBlack
          Frame.DrawTop = False
          Frame.DrawBottom = False
          Frame.DrawLeft = False
          Frame.DrawRight = False
          AlignToBottom = False
          Color = clWhite
          ForceNewColumn = False
          ForceNewPage = False
          Size.Values = (
            84.666666666666680000
            2770.187500000000000000)
          BandType = rbColumnHeader
          object QRLabel1: TQRLabel
            Left = 8
            Top = 16
            Width = 15
            Height = 14
            Frame.Color = clBlack
            Frame.DrawTop = False
            Frame.DrawBottom = False
            Frame.DrawLeft = False
            Frame.DrawRight = False
            Size.Values = (
              37.041666666666670000
              21.166666666666670000
              42.333333333333340000
              39.687500000000000000)
            Alignment = taLeftJustify
            AlignToBand = False
            AutoSize = True
            AutoStretch = False
            Caption = 'NO'
            Color = clWhite
            Font.Charset = ANSI_CHARSET
            Font.Color = clWindowText
            Font.Height = -9
            Font.Name = 'Arial'
            Font.Style = [fsUnderline]
            ParentFont = False
            Transparent = False
            WordWrap = True
            FontSize = 7
          end
          object QRLabel2: TQRLabel
            Left = 36
            Top = 16
            Width = 46
            Height = 14
            Frame.Color = clBlack
            Frame.DrawTop = False
            Frame.DrawBottom = False
            Frame.DrawLeft = False
            Frame.DrawRight = False
            Size.Values = (
              37.041666666666670000
              95.250000000000000000
              42.333333333333340000
              121.708333333333300000)
            Alignment = taLeftJustify
            AlignToBand = False
            AutoSize = True
            AutoStretch = False
            Caption = 'NO. NOTA'
            Color = clWhite
            Font.Charset = ANSI_CHARSET
            Font.Color = clWindowText
            Font.Height = -9
            Font.Name = 'Arial'
            Font.Style = [fsUnderline]
            ParentFont = False
            Transparent = False
            WordWrap = True
            FontSize = 7
          end
          object QRLabel4: TQRLabel
            Left = 200
            Top = 16
            Width = 28
            Height = 14
            Frame.Color = clBlack
            Frame.DrawTop = False
            Frame.DrawBottom = False
            Frame.DrawLeft = False
            Frame.DrawRight = False
            Size.Values = (
              37.041666666666670000
              529.166666666666700000
              42.333333333333340000
              74.083333333333340000)
            Alignment = taLeftJustify
            AlignToBand = False
            AutoSize = True
            AutoStretch = False
            Caption = 'BUKTI'
            Color = clWhite
            Font.Charset = ANSI_CHARSET
            Font.Color = clWindowText
            Font.Height = -9
            Font.Name = 'Arial'
            Font.Style = [fsUnderline]
            ParentFont = False
            Transparent = False
            WordWra