   2770.187500000000000000)
          BandType = rbPageFooter
          object QRSysData2: TQRSysData
            Left = 984
            Top = 0
            Width = 63
            Height = 15
            Frame.Color = clBlack
            Frame.DrawTop = False
            Frame.DrawBottom = False
            Frame.DrawLeft = False
            Frame.DrawRight = False
            Size.Values = (
              39.687500000000000000
              2603.500000000000000000
              0.000000000000000000
              166.687500000000000000)
            Alignment = taRightJustify
            AlignToBand = True
            AutoSize = True
            Color = clWhite
            Data = qrsPageNumber
            Text = 'Hal : '
            Transparent = False
            FontSize = 8
          end
          object QRDBText22: TQRDBText
            Left = 0
            Top = 0
            Width = 76
            Height = 15
            Frame.Color = clBlack
            Frame.DrawTop = False
            Frame.DrawBottom = False
            Frame.DrawLeft = False
            Frame.DrawRight = False
            Size.Values = (
              39.687500000000000000
              0.000000000000000000
              0.000000000000000000
              201.083333333333300000)
            Alignment = taLeftJustify
            AlignToBand = True
            AutoSize = True
            AutoStretch = False
            Color = clWhite
            DataSet = DMFrm.QDateTime
            DataField = 'VUSER_CETAK'
            Transparent = False
            WordWrap = True
            FontSize = 8
          end
        end
      end
      object Panel2: TPanel
        Left = 0
        Top = 0
        Width = 815
        Height = 52
        Align = alTop
        BevelInner = bvLowered
        Ctl3D = False
        ParentCtl3D = False
        TabOrder = 0
        object Panel3: TPanel
          Left = 2
          Top = 2
          Width = 568
          Height = 48
          Align = alLeft
          BevelOuter = bvNone
          TabOrder = 0
          object vOperand: TLabel
            Left = 150
            Top = 20
            Width = 44
            Height = 24
            Cursor = crHandPoint
            Alignment = taCenter
            AutoSize = False
            Caption = 'LIKE'
            Font.Charset = DEFAULT_CHARSET
            Font.Color = clNavy
            Font.Height = -19
            Font.Name = 'MS Sans Serif'
            Font.Style = [fsBold]
            ParentFont = False
            OnClick = vOperandClick
          end
          object BitBtn1: TBitBtn
            Left = 328
            Top = 20
            Width = 75
            Height = 25
            Caption = 'Filte&r'
            Default = True
            ModalResult = 1
            TabOrder = 2
            OnClick = BitBtn1Click
            Glyph.Data = {
              76010000424D7601000000000000760000002800000020000000100000000100
              04000000000000010000120B0000120B00001000000000000000000000000000
              800000800000008080008000000080008000808000007F7F7F00BFBFBF000000
              FF0000FF000000FFFF00FF000000FF00FF00FFFF0000FFFFFF00555555555555
              555555555555555555555555555555555555555555FF55555555555559055555
              55555555577FF5555555555599905555555555557777F5555555555599905555
              555555557777FF5555555559999905555555555777777F555555559999990555
              5555557777777FF5555557990599905555555777757777F55555790555599055
              55557775555777FF5555555555599905555555555557777F5555555555559905
              555555555555777FF5555555555559905555555555555777FF55555555555579
              05555555555555777FF5555555555557905555555555555777FF555555555555
              5990555555555555577755555555555555555555555555555555}
            NumGlyphs = 2
          end
          object ECari: TEdit
            Left = 200
            Top = 23
            Width = 121
            Height = 19
            Ctl3D = False
            ParentCtl3D = False
            TabOrder = 1
            OnChange = ECariChange
          end
          object cbOtomatis: TCheckBox
            Left = 7
       