

***********************************************************************
Fatal NI connect error 12519, connecting to:
 (DESCRIPTION=(ADDRESS=(PROTOCOL=TCP)(HOST=192.168.1.225)(PORT=1521))(CONNECT_DATA=(SID=PRODUKSI)(SERVER=SHARED)(CID=(PROGRAM=Z:\APLIKASI_SERVER\GD200303\APP_PRODUKSI1\Aplikasi\Produksi1_300320.exe)(HOST=SERVERNE-B4A51D)(USER=Administrator))))

  VERSION INFORMATION:
	TNS for 32-bit Windows: Version 9.0.1.1.0 - Production
	Windows NT TCP/IP NT Protocol Adapter for 32-bit Windows: Version 9.0.1.1.0 - Production
  Time: 31-MAR-2020 14:06:40
  Tracing not turned on.
  Tns error struct:
    nr err code: 0
    ns main err code: 12564
    TNS-12564: TNS:connection refused
    ns secondary err code: 0
    nt main err code: 0
    nt secondary err code: 0
    nt OS err code: 0


***********************************************************************
Fatal NI connect error 12519, connecting to:
 (DESCRIPTION=(ADDRESS=(PROTOCOL=TCP)(HOST=192.168.1.225)(PORT=1521))(CONNECT_DATA=(SID=PRODUKSI)(SERVER=SHARED)(CID=(PROGRAM=Z:\APLIKASI_SERVER\GD200303\APP_PRODUKSI1\Aplikasi\Produksi1_300320.exe)(HOST=SERVERNE-B4A51D)(USER=Administrator))))

  VERSION INFORMATION:
	TNS for 32-bit Windows: Version 9.0.1.1.0 - Production
	Windows NT TCP/IP NT Protocol Adapter for 32-bit Windows: Version 9.0.1.1.0 - Production
  Time: 31-MAR-2020 14:06:41
  Tracing not turned on.
  Tns error struct:
    nr err code: 0
    ns main err code: 12564
    TNS-12564: TNS:connection refused
    ns secondary err code: 0
    nt main err code: 0
    nt secondary err code: 0
    nt OS err code: 0


***********************************************************************
Fatal NI connect error 12519, connecting to:
 (DESCRIPTION=(ADDRESS=(PROTOCOL=TCP)(HOST=192.168.1.225)(PORT=1521))(CONNECT_DATA=(SID=PRODUKSI)(SERVER=SHARED)(CID=(PROGRAM=Z:\APLIKASI_SERVER\GD200303\APP_PRODUKSI1\Aplikasi\Produksi1_300320.exe)(HOST=SERVERNE-B4A51D)(USER=Administrator))))

  VERSION INFORMATION:
	TNS for 32-bit Windows: Version 9.0.1.1.0 - Production
	Windows NT TCP/IP NT Protocol Adapter for 32-bit Windows: Version 9.0.1.1.0 - Production
  Time: 31-MAR-2020 14:06:42
  Tracing not turned on.
  Tns error struct:
    nr err code: 0
    ns main err code: 12564
    TNS-12564: TNS:connection refused
    ns secondary err code: 0
    nt main err code: 0
    nt secondary err code: 0
    nt OS err code: 0
