xt9: TQRDBText
            Left = 887
            Top = 0
            Width = 31
            Height = 13
            Frame.Color = clBlack
            Frame.DrawTop = False
            Frame.DrawBottom = False
            Frame.DrawLeft = False
            Frame.DrawRight = False
            Size.Values = (
              34.395833333333340000
              2346.854166666667000000
              0.000000000000000000
              82.020833333333340000)
            Alignment = taRightJustify
            AlignToBand = False
            AutoSize = True
            AutoStretch = False
            Color = clWhite
            DataSet = QBrowse
            DataField = 'DEBET'
            Font.Charset = ANSI_CHARSET
            Font.Color = clWindowText
            Font.Height = -9
            Font.Name = 'Arial'
            Font.Style = []
            Mask = '#.#,#;(#.#,#)'
            ParentFont = False
            Transparent = False
            WordWrap = True
            FontSize = 7
          end
          object QRDBText10: TQRDBText
            Left = 971
            Top = 0
            Width = 35
            Height = 13
            Frame.Color = clBlack
            Frame.DrawTop = False
            Frame.DrawBottom = False
            Frame.DrawLeft = False
            Frame.DrawRight = False
            Size.Values = (
              34.395833333333340000
              2569.104166666667000000
              0.000000000000000000
              92.604166666666680000)
            Alignment = taRightJustify
            AlignToBand = False
            AutoSize = True
            AutoStretch = False
            Color = clWhite
            DataSet = QBrowse
            DataField = 'KREDIT'
            Font.Charset = ANSI_CHARSET
            Font.Color = clWindowText
            Font.Height = -9
            Font.Name = 'Arial'
            Font.Style = []
            Mask = '#.#,#;(#.#,#)'
            ParentFont = False
            Transparent = False
            WordWrap = True
            FontSize = 7
          end
          object QRDBText11: TQRDBText
            Left = 1011
            Top = 0
            Width = 27
            Height = 13
            Frame.Color = clBlack
            Frame.DrawTop = False
            Frame.DrawBottom = False
            Frame.DrawLeft = False
            Frame.DrawRight = False
            Size.Values = (
              34.395833333333340000
              2674.937500000000000000
              0.000000000000000000
              71.437500000000000000)
            Alignment = taRightJustify
            AlignToBand = False
            AutoSize = True
            AutoStretch = False
            Color = clWhite
            DataSet = QBrowse
            DataField = 'KURS'
            Font.Charset = ANSI_CHARSET
            Font.Color = clWindowText
            Font.Height = -9
            Font.Name = 'Arial'
            Font.Style = []
            Mask = '#.#,#;(#.#,#)'
            ParentFont = False
            Transparent = False
            WordWrap = True
            FontSize = 7
          end
          object QRLNomer: TQRLabel
            Left = 0
            Top = 0
            Width = 33
            Height = 13
            Frame.Color = clBlack
            Frame.DrawTop = False
            Frame.DrawBottom = False
            Frame.DrawLeft = False
            Frame.DrawRight = False
            Size.Values = (
              34.395833333333340000
              0.000000000000000000
              0.000000000000000000
              87.312500000000000000)
            Alignment = taCenter
            AlignToBand = False
            AutoSize = False
            AutoStretch = False
            Caption = 'QRLNomer'
            Color = clWhite
            Font.Charset = ANSI_CHARSET
            Font.Color = clWindowText
            Font.Height = -9
            Font.Name = 'Arial'
            Font.Style = []
            ParentFont = False
            Transparent = False
            WordWrap = True
            FontSize = 7
          end
        end
        object SummaryBand1: TQRBand
          Left = 38
          Top = 161
     